[2026-05-22 12:20:02.093810] Playlist güncelleniyor...
Toplam 14 kanal işlenecek.

[1/14] beIN 1 HD sana çözülüyor (1 URL mevcut)...
    URL 1/1 deneniyor...
    URL 1: Hata → 500 Server Error: Internal Server Error for url: https://vavooproxy.magnitude.wo, sonraki deneniyor...
  ❌ beIN 1 HD sana: Tüm URL'ler başarısız, atlanıyor.
[2/14] beIN 1 HD çözülüyor (1 URL mevcut)...
    URL 1/1 deneniyor...
  ✅ beIN 1 HD: https://qmaalhy7acgxwhm.ngolpdkyoctjcddxshli469r.org/sunshine/tPhmcGU1AG8vcvNBLi...
[3/14] beIN 1 HD çözülüyor (1 URL mevcut)...
    URL 1/1 deneniyor...
  ✅ beIN 1 HD: https://td3wb1bchdvsahp.ngolpdkyoctjcddxshli469r.org/sunshine/HH3yg0T5P0KPJ6ShwG...
[4/14] beIN Sports 1 HD çözülüyor (1 URL mevcut)...
    URL 1/1 deneniyor...
  ✅ beIN Sports 1 HD: https://td3wb1bchdvsahp.ngolpdkyoctjcddxshli469r.org/sunshine/9E6GUhXDxA1Mdzz3GG...
[5/14] beIN Sports 1 HD çözülüyor (1 URL mevcut)...
    URL 1/1 deneniyor...
  ✅ beIN Sports 1 HD: https://td3wb1bchdvsahp.ngolpdkyoctjcddxshli469r.org/sunshine/-Y-6fBx-Ef7ddhHDfM...
[6/14] beIN Sports 1 HD çözülüyor (1 URL mevcut)...
    URL 1/1 deneniyor...
  ✅ beIN Sports 1 HD: https://td3wb1bchdvsahp.ngolpdkyoctjcddxshli469r.org/sunshine/XU0IgoIkcs8Wh4NGlc...
[7/14] beIN Sports 1 HD çözülüyor (1 URL mevcut)...
    URL 1/1 deneniyor...
  ✅ beIN Sports 1 HD: https://qmaalhy7acgxwhm.ngolpdkyoctjcddxshli469r.org/sunshine/1gOlkLhja4FBGDzLJU...
[8/14] beIN Sports 1 HD (yedek) çözülüyor (1 URL mevcut)...
    URL 1/1 deneniyor...
  ✅ beIN Sports 1 HD (yedek): https://qmaalhy7acgxwhm.ngolpdkyoctjcddxshli469r.org/sunshine/Tg82-ZbRwzVaByGcDN...
[9/14] beIN Sports 1 HD (yedek) çözülüyor (1 URL mevcut)...
    URL 1/1 deneniyor...
  ✅ beIN Sports 1 HD (yedek): https://td3wb1bchdvsahp.ngolpdkyoctjcddxshli469r.org/sunshine/y6Ph1EOqQTvPQ8O_gU...
[10/14] beIN Sports 1 HD (yedek) çözülüyor (1 URL mevcut)...
    URL 1/1 deneniyor...
  ✅ beIN Sports 1 HD (yedek): https://td3wb1bchdvsahp.ngolpdkyoctjcddxshli469r.org/sunshine/bwSK6wFUmnNyj0EH5F...
[11/14] beIN Sports 1 HD (yedek 2) çözülüyor (1 URL mevcut)...
    URL 1/1 deneniyor...
  ✅ beIN Sports 1 HD (yedek 2): https://td3wb1bchdvsahp.ngolpdkyoctjcddxshli469r.org/sunshine/MWDaFxZzyORtA6zMmz...
[12/14] beIN Sports 1 HD (yedek 2) çözülüyor (1 URL mevcut)...
    URL 1/1 deneniyor...
  ✅ beIN Sports 1 HD (yedek 2): https://qmaalhy7acgxwhm.ngolpdkyoctjcddxshli469r.org/sunshine/pWGeKBYON2mfIO1Qsp...
[13/14] beIN Sports 1 HD (yedek 2) çözülüyor (1 URL mevcut)...
    URL 1/1 deneniyor...
  ✅ beIN Sports 1 HD (yedek 2): https://qmaalhy7acgxwhm.ngolpdkyoctjcddxshli469r.org/sunshine/vtf_0oRaH_GNHWocF4...
[14/14] CNN Türk çözülüyor (1 URL mevcut)...
    URL 1/1 deneniyor...
  ✅ CNN Türk: https://td3wb1bchdvsahp.ngolpdkyoctjcddxshli469r.org/sunshine/XqTa8X5mwmPhRL-AYi...

==================================================
✅ Başarılı: 13 kanal
❌ Başarısız: 1 kanal
📄 /app/output/playlist.m3u güncellendi!
[2026-05-22 12:30:01.471002] Playlist güncelleniyor...
Toplam 14 kanal işlenecek.

[1/14] beIN 1 HD sana çözülüyor (1 URL mevcut)...
    URL 1/1 deneniyor...
    URL 1: Hata → 500 Server Error: Internal Server Error for url: https://vavooproxy.magnitude.wo, sonraki deneniyor...
  ❌ beIN 1 HD sana: Tüm URL'ler başarısız, atlanıyor.
[2/14] beIN 1 HD çözülüyor (1 URL mevcut)...
    URL 1/1 deneniyor...
  ✅ beIN 1 HD: https://qmaalhy7acgxwhm.ngolpdkyoctjcddxshli469r.org/sunshine/1DjtDV-M3PByNq9HZc...
[3/14] beIN 1 HD çözülüyor (1 URL mevcut)...
    URL 1/1 deneniyor...
  ✅ beIN 1 HD: https://td3wb1bchdvsahp.ngolpdkyoctjcddxshli469r.org/sunshine/649kpmlRaPA8yFE5Sj...
[4/14] beIN Sports 1 HD çözülüyor (1 URL mevcut)...
    URL 1/1 deneniyor...
  ✅ beIN Sports 1 HD: https://td3wb1bchdvsahp.ngolpdkyoctjcddxshli469r.org/sunshine/DwCu-ojvFxyd_st_gC...
[5/14] beIN Sports 1 HD çözülüyor (1 URL mevcut)...
    URL 1/1 deneniyor...
  ✅ beIN Sports 1 HD: https://td3wb1bchdvsahp.ngolpdkyoctjcddxshli469r.org/sunshine/CLqNcQzng_P8XJsQVn...
[6/14] beIN Sports 1 HD çözülüyor (1 URL mevcut)...
    URL 1/1 deneniyor...
  ✅ beIN Sports 1 HD: https://td3wb1bchdvsahp.ngolpdkyoctjcddxshli469r.org/sunshine/85oQH43RHEmLB2FWlw...
[7/14] beIN Sports 1 HD çözülüyor (1 URL mevcut)...
    URL 1/1 deneniyor...
  ✅ beIN Sports 1 HD: https://qmaalhy7acgxwhm.ngolpdkyoctjcddxshli469r.org/sunshine/whOwNPa4-b4UJNS6Xj...
[8/14] beIN Sports 1 HD (yedek) çözülüyor (1 URL mevcut)...
    URL 1/1 deneniyor...
  ✅ beIN Sports 1 HD (yedek): https://qmaalhy7acgxwhm.ngolpdkyoctjcddxshli469r.org/sunshine/smOYLm5qZlIuPg_mRs...
[9/14] beIN Sports 1 HD (yedek) çözülüyor (1 URL mevcut)...
    URL 1/1 deneniyor...
  ✅ beIN Sports 1 HD (yedek): https://td3wb1bchdvsahp.ngolpdkyoctjcddxshli469r.org/sunshine/DVXzKgvKtJXsD4JVAj...
[10/14] beIN Sports 1 HD (yedek) çözülüyor (1 URL mevcut)...
    URL 1/1 deneniyor...
  ✅ beIN Sports 1 HD (yedek): https://td3wb1bchdvsahp.ngolpdkyoctjcddxshli469r.org/sunshine/BEckc10PgMpym-XnRU...
[11/14] beIN Sports 1 HD (yedek 2) çözülüyor (1 URL mevcut)...
    URL 1/1 deneniyor...
  ✅ beIN Sports 1 HD (yedek 2): https://td3wb1bchdvsahp.ngolpdkyoctjcddxshli469r.org/sunshine/262FRSD3xG495fU87E...
[12/14] beIN Sports 1 HD (yedek 2) çözülüyor (1 URL mevcut)...
    URL 1/1 deneniyor...
  ✅ beIN Sports 1 HD (yedek 2): https://qmaalhy7acgxwhm.ngolpdkyoctjcddxshli469r.org/sunshine/p4-DXR7HXN5tfBJYm3...
[13/14] beIN Sports 1 HD (yedek 2) çözülüyor (1 URL mevcut)...
    URL 1/1 deneniyor...
  ✅ beIN Sports 1 HD (yedek 2): https://qmaalhy7acgxwhm.ngolpdkyoctjcddxshli469r.org/sunshine/ZJ1doeHGAjv7APP_n-...
[14/14] CNN Türk çözülüyor (1 URL mevcut)...
    URL 1/1 deneniyor...
  ✅ CNN Türk: https://td3wb1bchdvsahp.ngolpdkyoctjcddxshli469r.org/sunshine/nVEmUcDRpXPQNNq5Dj...

==================================================
✅ Başarılı: 13 kanal
❌ Başarısız: 1 kanal
📄 /app/output/playlist.m3u güncellendi!
[2026-05-22 12:40:01.519864] Playlist güncelleniyor...
Toplam 14 kanal işlenecek.

[1/14] beIN 1 HD sana çözülüyor (1 URL mevcut)...
    URL 1/1 deneniyor...
    URL 1: Hata → 500 Server Error: Internal Server Error for url: https://vavooproxy.magnitude.wo, sonraki deneniyor...
  ❌ beIN 1 HD sana: Tüm URL'ler başarısız, atlanıyor.
[2/14] beIN 1 HD çözülüyor (1 URL mevcut)...
    URL 1/1 deneniyor...
  ✅ beIN 1 HD: https://qmaalhy7acgxwhm.ngolpdkyoctjcddxshli469r.org/sunshine/jXLsR3zCj45WIKRBnE...
[3/14] beIN 1 HD çözülüyor (1 URL mevcut)...
    URL 1/1 deneniyor...
  ✅ beIN 1 HD: https://td3wb1bchdvsahp.ngolpdkyoctjcddxshli469r.org/sunshine/ZULI_FjqJgvBoLqHSY...
[4/14] beIN Sports 1 HD çözülüyor (1 URL mevcut)...
    URL 1/1 deneniyor...
  ✅ beIN Sports 1 HD: https://td3wb1bchdvsahp.ngolpdkyoctjcddxshli469r.org/sunshine/USEQT0rH8kih_-vYEp...
[5/14] beIN Sports 1 HD çözülüyor (1 URL mevcut)...
    URL 1/1 deneniyor...
  ✅ beIN Sports 1 HD: https://td3wb1bchdvsahp.ngolpdkyoctjcddxshli469r.org/sunshine/WYtPJTFQr9PT23FGXo...
[6/14] beIN Sports 1 HD çözülüyor (1 URL mevcut)...
    URL 1/1 deneniyor...
  ✅ beIN Sports 1 HD: https://td3wb1bchdvsahp.ngolpdkyoctjcddxshli469r.org/sunshine/i__2gDfAw_vOY6DC57...
[7/14] beIN Sports 1 HD çözülüyor (1 URL mevcut)...
    URL 1/1 deneniyor...
  ✅ beIN Sports 1 HD: https://qmaalhy7acgxwhm.ngolpdkyoctjcddxshli469r.org/sunshine/fg0qXqXIgT72NPgDyn...
[8/14] beIN Sports 1 HD (yedek) çözülüyor (1 URL mevcut)...
    URL 1/1 deneniyor...
  ✅ beIN Sports 1 HD (yedek): https://qmaalhy7acgxwhm.ngolpdkyoctjcddxshli469r.org/sunshine/fv2or59IzvDBUmq7Fe...
[9/14] beIN Sports 1 HD (yedek) çözülüyor (1 URL mevcut)...
    URL 1/1 deneniyor...
  ✅ beIN Sports 1 HD (yedek): https://td3wb1bchdvsahp.ngolpdkyoctjcddxshli469r.org/sunshine/vhWirFLthrouozFnao...
[10/14] beIN Sports 1 HD (yedek) çözülüyor (1 URL mevcut)...
    URL 1/1 deneniyor...
  ✅ beIN Sports 1 HD (yedek): https://td3wb1bchdvsahp.ngolpdkyoctjcddxshli469r.org/sunshine/NDl9xfLNUSce69Mx98...
[11/14] beIN Sports 1 HD (yedek 2) çözülüyor (1 URL mevcut)...
    URL 1/1 deneniyor...
  ✅ beIN Sports 1 HD (yedek 2): https://td3wb1bchdvsahp.ngolpdkyoctjcddxshli469r.org/sunshine/w-hndOBXB1OGNcc48Y...
[12/14] beIN Sports 1 HD (yedek 2) çözülüyor (1 URL mevcut)...
    URL 1/1 deneniyor...
  ✅ beIN Sports 1 HD (yedek 2): https://qmaalhy7acgxwhm.ngolpdkyoctjcddxshli469r.org/sunshine/fOF-_dZI9oZKr2wNEm...
[13/14] beIN Sports 1 HD (yedek 2) çözülüyor (1 URL mevcut)...
    URL 1/1 deneniyor...
  ✅ beIN Sports 1 HD (yedek 2): https://qmaalhy7acgxwhm.ngolpdkyoctjcddxshli469r.org/sunshine/0jtoT-zuvre629Wux5...
[14/14] CNN Türk çözülüyor (1 URL mevcut)...
    URL 1/1 deneniyor...
  ✅ CNN Türk: https://td3wb1bchdvsahp.ngolpdkyoctjcddxshli469r.org/sunshine/OgcGoVfmfrhF6wPATe...

==================================================
✅ Başarılı: 13 kanal
❌ Başarısız: 1 kanal
📄 /app/output/playlist.m3u güncellendi!
[2026-05-22 12:50:01.846881] Playlist güncelleniyor...
Toplam 14 kanal işlenecek.

[1/14] beIN 1 HD sana çözülüyor (1 URL mevcut)...
    URL 1/1 deneniyor...
    URL 1: Hata → 500 Server Error: Internal Server Error for url: https://vavooproxy.magnitude.wo, sonraki deneniyor...
  ❌ beIN 1 HD sana: Tüm URL'ler başarısız, atlanıyor.
[2/14] beIN 1 HD çözülüyor (1 URL mevcut)...
    URL 1/1 deneniyor...
  ✅ beIN 1 HD: https://qmaalhy7acgxwhm.ngolpdkyoctjcddxshli469r.org/sunshine/JV00cyKDJKE8jrn2pF...
[3/14] beIN 1 HD çözülüyor (1 URL mevcut)...
    URL 1/1 deneniyor...
  ✅ beIN 1 HD: https://td3wb1bchdvsahp.ngolpdkyoctjcddxshli469r.org/sunshine/hyYE7Ol1pVluXQyqlV...
[4/14] beIN Sports 1 HD çözülüyor (1 URL mevcut)...
    URL 1/1 deneniyor...
  ✅ beIN Sports 1 HD: https://td3wb1bchdvsahp.ngolpdkyoctjcddxshli469r.org/sunshine/4Pq8QTX4Y8IJklhX3c...
[5/14] beIN Sports 1 HD çözülüyor (1 URL mevcut)...
    URL 1/1 deneniyor...
  ✅ beIN Sports 1 HD: https://td3wb1bchdvsahp.ngolpdkyoctjcddxshli469r.org/sunshine/h5YzK7E3-Dp2kIA5h0...
[6/14] beIN Sports 1 HD çözülüyor (1 URL mevcut)...
    URL 1/1 deneniyor...
  ✅ beIN Sports 1 HD: https://td3wb1bchdvsahp.ngolpdkyoctjcddxshli469r.org/sunshine/GLBJN3Gv3RJUgQfBAs...
[7/14] beIN Sports 1 HD çözülüyor (1 URL mevcut)...
    URL 1/1 deneniyor...
  ✅ beIN Sports 1 HD: https://qmaalhy7acgxwhm.ngolpdkyoctjcddxshli469r.org/sunshine/5y9NBs-bJUG_gatTtq...
[8/14] beIN Sports 1 HD (yedek) çözülüyor (1 URL mevcut)...
    URL 1/1 deneniyor...
  ✅ beIN Sports 1 HD (yedek): https://qmaalhy7acgxwhm.ngolpdkyoctjcddxshli469r.org/sunshine/bWkirNOKOiGLfdLGl9...
[9/14] beIN Sports 1 HD (yedek) çözülüyor (1 URL mevcut)...
    URL 1/1 deneniyor...
  ✅ beIN Sports 1 HD (yedek): https://td3wb1bchdvsahp.ngolpdkyoctjcddxshli469r.org/sunshine/ouOfn6L5n4uKs15ih6...
[10/14] beIN Sports 1 HD (yedek) çözülüyor (1 URL mevcut)...
    URL 1/1 deneniyor...
  ✅ beIN Sports 1 HD (yedek): https://td3wb1bchdvsahp.ngolpdkyoctjcddxshli469r.org/sunshine/_WEBnQkV4P-7j9_GV6...
[11/14] beIN Sports 1 HD (yedek 2) çözülüyor (1 URL mevcut)...
    URL 1/1 deneniyor...
  ✅ beIN Sports 1 HD (yedek 2): https://td3wb1bchdvsahp.ngolpdkyoctjcddxshli469r.org/sunshine/8XOlyI87wHM3G-X9Xw...
[12/14] beIN Sports 1 HD (yedek 2) çözülüyor (1 URL mevcut)...
    URL 1/1 deneniyor...
  ✅ beIN Sports 1 HD (yedek 2): https://qmaalhy7acgxwhm.ngolpdkyoctjcddxshli469r.org/sunshine/F6FM_5SnQz8b11eGXi...
[13/14] beIN Sports 1 HD (yedek 2) çözülüyor (1 URL mevcut)...
    URL 1/1 deneniyor...
  ✅ beIN Sports 1 HD (yedek 2): https://qmaalhy7acgxwhm.ngolpdkyoctjcddxshli469r.org/sunshine/KWQLAKFcM33P0Rtj5m...
[14/14] CNN Türk çözülüyor (1 URL mevcut)...
    URL 1/1 deneniyor...
  ✅ CNN Türk: https://td3wb1bchdvsahp.ngolpdkyoctjcddxshli469r.org/sunshine/SaeM8gc1Xbj1dWJHZ5...

==================================================
✅ Başarılı: 13 kanal
❌ Başarısız: 1 kanal
📄 /app/output/playlist.m3u güncellendi!
[2026-05-22 13:00:01.711169] Playlist güncelleniyor...
Toplam 14 kanal işlenecek.

[1/14] beIN 1 HD sana çözülüyor (1 URL mevcut)...
    URL 1/1 deneniyor...
    URL 1: Hata → 500 Server Error: Internal Server Error for url: https://vavooproxy.magnitude.wo, sonraki deneniyor...
  ❌ beIN 1 HD sana: Tüm URL'ler başarısız, atlanıyor.
[2/14] beIN 1 HD çözülüyor (1 URL mevcut)...
    URL 1/1 deneniyor...
  ✅ beIN 1 HD: https://qmaalhy7acgxwhm.ngolpdkyoctjcddxshli469r.org/sunshine/wz5cLk9BTKLl85t1kY...
[3/14] beIN 1 HD çözülüyor (1 URL mevcut)...
    URL 1/1 deneniyor...
  ✅ beIN 1 HD: https://td3wb1bchdvsahp.ngolpdkyoctjcddxshli469r.org/sunshine/JJv7i0gCrse-4tyUrd...
[4/14] beIN Sports 1 HD çözülüyor (1 URL mevcut)...
    URL 1/1 deneniyor...
  ✅ beIN Sports 1 HD: https://td3wb1bchdvsahp.ngolpdkyoctjcddxshli469r.org/sunshine/asMwAS4-Vf0uO0T7Hw...
[5/14] beIN Sports 1 HD çözülüyor (1 URL mevcut)...
    URL 1/1 deneniyor...
  ✅ beIN Sports 1 HD: https://td3wb1bchdvsahp.ngolpdkyoctjcddxshli469r.org/sunshine/bZJTMK_ueS7KZNp7YT...
[6/14] beIN Sports 1 HD çözülüyor (1 URL mevcut)...
    URL 1/1 deneniyor...
  ✅ beIN Sports 1 HD: https://td3wb1bchdvsahp.ngolpdkyoctjcddxshli469r.org/sunshine/c6YmuAh5DULFOby_eb...
[7/14] beIN Sports 1 HD çözülüyor (1 URL mevcut)...
    URL 1/1 deneniyor...
  ✅ beIN Sports 1 HD: https://qmaalhy7acgxwhm.ngolpdkyoctjcddxshli469r.org/sunshine/6g4-1sXs7rs-xmFWXl...
[8/14] beIN Sports 1 HD (yedek) çözülüyor (1 URL mevcut)...
    URL 1/1 deneniyor...
  ✅ beIN Sports 1 HD (yedek): https://qmaalhy7acgxwhm.ngolpdkyoctjcddxshli469r.org/sunshine/1umHbX04paqnSF-i15...
[9/14] beIN Sports 1 HD (yedek) çözülüyor (1 URL mevcut)...
    URL 1/1 deneniyor...
  ✅ beIN Sports 1 HD (yedek): https://td3wb1bchdvsahp.ngolpdkyoctjcddxshli469r.org/sunshine/QsZvkFnigBDB58GAuf...
[10/14] beIN Sports 1 HD (yedek) çözülüyor (1 URL mevcut)...
    URL 1/1 deneniyor...
  ✅ beIN Sports 1 HD (yedek): https://td3wb1bchdvsahp.ngolpdkyoctjcddxshli469r.org/sunshine/S-4mtGdjNDip-0vXj6...
[11/14] beIN Sports 1 HD (yedek 2) çözülüyor (1 URL mevcut)...
    URL 1/1 deneniyor...
  ✅ beIN Sports 1 HD (yedek 2): https://td3wb1bchdvsahp.ngolpdkyoctjcddxshli469r.org/sunshine/2SNpMTJCQVmX9NgQHx...
[12/14] beIN Sports 1 HD (yedek 2) çözülüyor (1 URL mevcut)...
    URL 1/1 deneniyor...
  ✅ beIN Sports 1 HD (yedek 2): https://qmaalhy7acgxwhm.ngolpdkyoctjcddxshli469r.org/sunshine/ThZsZ5yQVedYPnzgiG...
[13/14] beIN Sports 1 HD (yedek 2) çözülüyor (1 URL mevcut)...
    URL 1/1 deneniyor...
  ✅ beIN Sports 1 HD (yedek 2): https://qmaalhy7acgxwhm.ngolpdkyoctjcddxshli469r.org/sunshine/w9EK-jfrItlAntVWL4...
[14/14] CNN Türk çözülüyor (1 URL mevcut)...
    URL 1/1 deneniyor...
  ✅ CNN Türk: https://td3wb1bchdvsahp.ngolpdkyoctjcddxshli469r.org/sunshine/0QOWJOGgO8DB_nTYhs...

==================================================
✅ Başarılı: 13 kanal
❌ Başarısız: 1 kanal
📄 /app/output/playlist.m3u güncellendi!
[2026-05-22 13:10:01.898340] Playlist güncelleniyor...
Toplam 14 kanal işlenecek.

[1/14] beIN 1 HD sana çözülüyor (1 URL mevcut)...
    URL 1/1 deneniyor...
    URL 1: Hata → 500 Server Error: Internal Server Error for url: https://vavooproxy.magnitude.wo, sonraki deneniyor...
  ❌ beIN 1 HD sana: Tüm URL'ler başarısız, atlanıyor.
[2/14] beIN 1 HD çözülüyor (1 URL mevcut)...
    URL 1/1 deneniyor...
  ✅ beIN 1 HD: https://qmaalhy7acgxwhm.ngolpdkyoctjcddxshli469r.org/sunshine/CAVqeD7nZOs65dLHVC...
[3/14] beIN 1 HD çözülüyor (1 URL mevcut)...
    URL 1/1 deneniyor...
  ✅ beIN 1 HD: https://shouurvki7jtfax.ngolpdkyoctjcddxshli469r.org/sunshine/xNVAB4WfPa3FYb7I3E...
[4/14] beIN Sports 1 HD çözülüyor (1 URL mevcut)...
    URL 1/1 deneniyor...
  ✅ beIN Sports 1 HD: https://td3wb1bchdvsahp.ngolpdkyoctjcddxshli469r.org/sunshine/wGYzyZwubfaOwcCClh...
[5/14] beIN Sports 1 HD çözülüyor (1 URL mevcut)...
    URL 1/1 deneniyor...
  ✅ beIN Sports 1 HD: https://qmaalhy7acgxwhm.ngolpdkyoctjcddxshli469r.org/sunshine/wRBakxqFtZbh6u_uf-...
[6/14] beIN Sports 1 HD çözülüyor (1 URL mevcut)...
    URL 1/1 deneniyor...
  ✅ beIN Sports 1 HD: https://td3wb1bchdvsahp.ngolpdkyoctjcddxshli469r.org/sunshine/6pLlxQ0NmSO13Ueera...
[7/14] beIN Sports 1 HD çözülüyor (1 URL mevcut)...
    URL 1/1 deneniyor...
  ✅ beIN Sports 1 HD: https://qmaalhy7acgxwhm.ngolpdkyoctjcddxshli469r.org/sunshine/xLCfP65-O3Zlo4HJeE...
[8/14] beIN Sports 1 HD (yedek) çözülüyor (1 URL mevcut)...
    URL 1/1 deneniyor...
  ✅ beIN Sports 1 HD (yedek): https://qmaalhy7acgxwhm.ngolpdkyoctjcddxshli469r.org/sunshine/6V6s7PmQkpAHzOhunu...
[9/14] beIN Sports 1 HD (yedek) çözülüyor (1 URL mevcut)...
    URL 1/1 deneniyor...
  ✅ beIN Sports 1 HD (yedek): https://td3wb1bchdvsahp.ngolpdkyoctjcddxshli469r.org/sunshine/Ia0RiHZD2fn3cnaM_8...
[10/14] beIN Sports 1 HD (yedek) çözülüyor (1 URL mevcut)...
    URL 1/1 deneniyor...
  ✅ beIN Sports 1 HD (yedek): https://td3wb1bchdvsahp.ngolpdkyoctjcddxshli469r.org/sunshine/DQtTr4g6X0JNcTYwLL...
[11/14] beIN Sports 1 HD (yedek 2) çözülüyor (1 URL mevcut)...
    URL 1/1 deneniyor...
  ✅ beIN Sports 1 HD (yedek 2): https://td3wb1bchdvsahp.ngolpdkyoctjcddxshli469r.org/sunshine/00JMtky-M9OCdIX1C2...
[12/14] beIN Sports 1 HD (yedek 2) çözülüyor (1 URL mevcut)...
    URL 1/1 deneniyor...
  ✅ beIN Sports 1 HD (yedek 2): https://qmaalhy7acgxwhm.ngolpdkyoctjcddxshli469r.org/sunshine/j2YfVu5xG_08lk_1_I...
[13/14] beIN Sports 1 HD (yedek 2) çözülüyor (1 URL mevcut)...
    URL 1/1 deneniyor...
  ✅ beIN Sports 1 HD (yedek 2): https://td3wb1bchdvsahp.ngolpdkyoctjcddxshli469r.org/sunshine/94jOwJeAnWOlXzGC40...
[14/14] CNN Türk çözülüyor (1 URL mevcut)...
    URL 1/1 deneniyor...
  ✅ CNN Türk: https://shouurvki7jtfax.ngolpdkyoctjcddxshli469r.org/sunshine/9myqF2ARh8O5P_olaT...

==================================================
✅ Başarılı: 13 kanal
❌ Başarısız: 1 kanal
📄 /app/output/playlist.m3u güncellendi!
